<?xml version="1.0" encoding="UTF-8"?>
<!-- Generated by org.testng.reporters.JUnitXMLReporter -->
<testsuite ignored="1" hostname="DESKTOP-1VSUNI2" failures="2" tests="2" name="Default test(failed)" time="0.095" errors="0" timestamp="2022-09-13T10:49:11 GMT-04:00">
  <testcase classname="TestNGHIndi.Retiry" name="TestCase002" time="0.018">
    <failure type="java.lang.AssertionError" message="expected [true] but found [false]">
      <![CDATA[java.lang.AssertionError: expected [true] but found [false]
at TestNGHIndi.Retiry.TestCase002(Retiry.java:17)
at java.base/java.util.ArrayList.forEach(ArrayList.java:1541)
... Removed 31 stack frames]]>
    </failure>
  </testcase> <!-- TestCase002 -->
  <testcase classname="TestNGHIndi.Retiry" name="TestCase001" time="0.007">
    <failure type="java.lang.AssertionError" message="expected [true] but found [false]">
      <![CDATA[java.lang.AssertionError: expected [true] but found [false]
at TestNGHIndi.Retiry.TestCase001(Retiry.java:11)
at java.base/java.util.ArrayList.forEach(ArrayList.java:1541)
... Removed 31 stack frames]]>
    </failure>
  </testcase> <!-- TestCase001 -->
  <testcase classname="TestNGHIndi.Retiry" name="TestCase003" time="0.0">
    <ignored/>
  </testcase> <!-- TestCase003 -->
</testsuite> <!-- Default test(failed) -->
