<?xml version="1.0" encoding="UTF-8"?>
<!-- Generated by org.testng.reporters.JUnitXMLReporter -->
<testsuite ignored="0" hostname="DESKTOP-1VSUNI2" failures="0" tests="4" name="Test15" time="0.101" errors="0" timestamp="2022-09-12T22:40:27 GMT-04:00">
  <testcase classname="TestNGHIndi.Annotation" name="Test1" time="0.008"/>
  <testcase classname="TestNGHIndi.Annotation" name="Test2" time="0.003"/>
  <testcase classname="TestNGHIndi.BeforeTest" name="Test3" time="0.001"/>
  <testcase classname="TestNGHIndi.BeforeTest" name="Test4" time="0.002"/>
</testsuite> <!-- Test15 -->
