<?xml version="1.0" encoding="UTF-8"?>
<!-- Generated by org.testng.reporters.JUnitXMLReporter -->
<testsuite ignored="0" hostname="DESKTOP-1VSUNI2" failures="0" tests="4" name="CurrentAccout" time="0.108" errors="0" timestamp="2022-09-12T21:58:03 GMT-04:00">
  <testcase classname="TestNGHIndi.CurrentClass2" name="Test1" time="0.015"/>
  <testcase classname="TestNGHIndi.CurrentClass2" name="Test2" time="0.007"/>
  <testcase classname="TestNGHIndi.CurrentClass1" name="Test1" time="0.002"/>
  <testcase classname="TestNGHIndi.CurrentClass1" name="Test2" time="0.002"/>
</testsuite> <!-- CurrentAccout -->
